<?xml version="1.0" encoding="UTF-8"?>
<!-- Generated by org.testng.reporters.JUnitReportReporter -->
<testsuite skipped="0" hostname="MacBook-Pro.local" name="com.qa.orangehrm.test.AddEmployeeTest" tests="3" failures="0" timestamp="15 Oct 2020 00:13:50 GMT" time="26.725" errors="0">
  <testcase name="addEmployeeTest" time="8.005" classname="com.qa.orangehrm.test.AddEmployeeTest"/>
  <testcase name="addEmployeeTest" time="8.957" classname="com.qa.orangehrm.test.AddEmployeeTest"/>
  <testcase name="addEmployeeTest" time="9.763" classname="com.qa.orangehrm.test.AddEmployeeTest"/>
</testsuite> <!-- com.qa.orangehrm.test.AddEmployeeTest -->
