<?xml version="1.0" encoding="UTF-8"?>
<!-- Generated by org.testng.reporters.JUnitReportReporter -->
<testsuite skipped="2" hostname="MacBook-Pro.local" name="com.qa.orangehrm.test.LoginPageTest" tests="8" failures="0" timestamp="17 Oct 2020 00:19:49 GMT" time="34.428" errors="0">
  <testcase name="verifyLoginPageTitle" time="4.324" classname="com.qa.orangehrm.test.LoginPageTest"/>
  <testcase name="verifyLoginPageTitle" time="6.779" classname="com.qa.orangehrm.test.LoginPageTest"/>
  <testcase name="verifyForgetPassLink" time="3.007" classname="com.qa.orangehrm.test.LoginPageTest"/>
  <testcase name="verifyForgetPassLink" time="7.936" classname="com.qa.orangehrm.test.LoginPageTest"/>
  <testcase name="loginTest" time="4.914" classname="com.qa.orangehrm.test.LoginPageTest"/>
  <testcase name="loginTest" time="7.468" classname="com.qa.orangehrm.test.LoginPageTest"/>
  <testcase name="login_InvalidTestCase" classname="com.qa.orangehrm.test.LoginPageTest">
    <skipped/>
  </testcase> <!-- login_InvalidTestCase -->
  <testcase name="login_InvalidTestCase" classname="com.qa.orangehrm.test.LoginPageTest">
    <skipped/>
  </testcase> <!-- login_InvalidTestCase -->
</testsuite> <!-- com.qa.orangehrm.test.LoginPageTest -->
