<?xml version="1.0" encoding="UTF-8"?>
<!-- Generated by org.testng.reporters.JUnitReportReporter -->
<testsuite skipped="0" hostname="MacBook-Pro.local" name="com.qa.orangehrm.test.HomePageTest" tests="8" failures="0" timestamp="17 Oct 2020 00:19:49 GMT" time="40.023" errors="0">
  <testcase name="verifyHomePageTitle" time="5.040" classname="com.qa.orangehrm.test.HomePageTest"/>
  <testcase name="verifyHomePageTitle" time="5.131" classname="com.qa.orangehrm.test.HomePageTest"/>
  <testcase name="verifyHomePageHeader" time="6.262" classname="com.qa.orangehrm.test.HomePageTest"/>
  <testcase name="verifyHomePageHeader" time="3.568" classname="com.qa.orangehrm.test.HomePageTest"/>
  <testcase name="verifyLoggedInUserAccount" time="4.842" classname="com.qa.orangehrm.test.HomePageTest"/>
  <testcase name="verifyLoggedInUserAccount" time="5.842" classname="com.qa.orangehrm.test.HomePageTest"/>
  <testcase name="verifyAuthentication" time="4.609" classname="com.qa.orangehrm.test.HomePageTest"/>
  <testcase name="verifyAuthentication" time="4.729" classname="com.qa.orangehrm.test.HomePageTest"/>
</testsuite> <!-- com.qa.orangehrm.test.HomePageTest -->
