<?xml version="1.0" encoding="UTF-8"?>
<!-- Generated by org.testng.reporters.JUnitReportReporter -->
<testsuite skipped="1" hostname="MacBook-Pro.local" name="com.qa.orangehrm.test.LoginPageTest" tests="2" failures="0" timestamp="14 Oct 2020 02:05:19 GMT" time="2.440" errors="0">
  <testcase name="verifyLoginPageTitle" time="2.440" classname="com.qa.orangehrm.test.LoginPageTest"/>
  <testcase name="lgin_InvalidTestCase" classname="com.qa.orangehrm.test.LoginPageTest">
    <skipped/>
  </testcase> <!-- lgin_InvalidTestCase -->
</testsuite> <!-- com.qa.orangehrm.test.LoginPageTest -->
