<?xml version="1.0" encoding="UTF-8"?>
<!-- Generated by org.testng.reporters.JUnitReportReporter -->
<testsuite skipped="0" hostname="MacBook-Pro.local" name="com.qa.orangehrm.test.HomePageTest" tests="1" failures="0" timestamp="14 Oct 2020 02:05:19 GMT" time="6.794" errors="0">
  <testcase name="verifyHomePageTitle" time="6.794" classname="com.qa.orangehrm.test.HomePageTest"/>
</testsuite> <!-- com.qa.orangehrm.test.HomePageTest -->
